<?xml version="1.0" encoding="UTF-8"?>
<coverage generated="1759870741707" clover="3.2.0">
  <project timestamp="1759870741707" name="All files">
    <metrics statements="11" coveredstatements="11" conditionals="4" coveredconditionals="4" methods="2" coveredmethods="2" elements="17" coveredelements="17" complexity="0" loc="11" ncloc="11" packages="1" files="2" classes="2"/>
    <file name="obscureCreditCard.js" path="/Users/yvonnetran/Desktop/Web Application Integration/tran_yvonne_unit_testing_assignment/obscureCreditCard.js">
      <metrics statements="5" coveredstatements="5" conditionals="4" coveredconditionals="4" methods="1" coveredmethods="1"/>
      <line num="5" count="1" type="stmt"/>
      <line num="6" count="10" type="stmt"/>
      <line num="8" count="10" type="cond" truecount="4" falsecount="0"/>
      <line num="10" count="7" type="stmt"/>
      <line num="13" count="1" type="stmt"/>
    </file>
    <file name="total.js" path="/Users/yvonnetran/Desktop/Web Application Integration/tran_yvonne_unit_testing_assignment/total.js">
      <metrics statements="6" coveredstatements="6" conditionals="0" coveredconditionals="0" methods="1" coveredmethods="1"/>
      <line num="1" count="1" type="stmt"/>
      <line num="2" count="1" type="stmt"/>
      <line num="4" count="1" type="stmt"/>
      <line num="5" count="3" type="stmt"/>
      <line num="8" count="1" type="stmt"/>
      <line num="11" count="1" type="stmt"/>
    </file>
  </project>
</coverage>
