{"/Users/yvonnetran/Desktop/Web Application Integration/tran_yvonne_unit_testing_assignment/obscureCreditCard.js": {"path":"/Users/yvonnetran/Desktop/Web Application Integration/tran_yvonne_unit_testing_assignment/obscureCreditCard.js","statementMap":{"0":{"start":{"line":5,"column":26},"end":{"line":11,"column":3}},"1":{"start":{"line":6,"column":16},"end":{"line":6,"column":27}},"2":{"start":{"line":8,"column":4},"end":{"line":8,"column":59}},"3":{"start":{"line":8,"column":30},"end":{"line":8,"column":59}},"4":{"start":{"line":10,"column":4},"end":{"line":10,"column":48}},"5":{"start":{"line":13,"column":2},"end":{"line":13,"column":37}}},"fnMap":{"0":{"name":"(anonymous_0)","decl":{"start":{"line":5,"column":26},"end":{"line":5,"column":27}},"loc":{"start":{"line":5,"column":36},"end":{"line":11,"column":3}},"line":5}},"branchMap":{"0":{"loc":{"start":{"line":8,"column":4},"end":{"line":8,"column":59}},"type":"if","locations":[{"start":{"line":8,"column":4},"end":{"line":8,"column":59}},{"start":{},"end":{}}],"line":8},"1":{"loc":{"start":{"line":8,"column":8},"end":{"line":8,"column":28}},"type":"binary-expr","locations":[{"start":{"line":8,"column":8},"end":{"line":8,"column":16}},{"start":{"line":8,"column":20},"end":{"line":8,"column":28}}],"line":8}},"s":{"0":1,"1":10,"2":10,"3":3,"4":7,"5":1},"f":{"0":10},"b":{"0":[3,7],"1":[10,8]},"_coverageSchema":"1a1c01bbd47fc00a2c39e90264f33305004495a9","hash":"9fbf1613bf92d5903342d0f9452df6c9df7757a2"}
,"/Users/yvonnetran/Desktop/Web Application Integration/tran_yvonne_unit_testing_assignment/total.js": {"path":"/Users/yvonnetran/Desktop/Web Application Integration/tran_yvonne_unit_testing_assignment/total.js","statementMap":{"0":{"start":{"line":1,"column":14},"end":{"line":9,"column":1}},"1":{"start":{"line":2,"column":14},"end":{"line":2,"column":15}},"2":{"start":{"line":4,"column":2},"end":{"line":6,"column":3}},"3":{"start":{"line":5,"column":4},"end":{"line":5,"column":26}},"4":{"start":{"line":8,"column":2},"end":{"line":8,"column":15}},"5":{"start":{"line":11,"column":0},"end":{"line":11,"column":23}}},"fnMap":{"0":{"name":"(anonymous_0)","decl":{"start":{"line":1,"column":14},"end":{"line":1,"column":15}},"loc":{"start":{"line":1,"column":25},"end":{"line":9,"column":1}},"line":1}},"branchMap":{},"s":{"0":1,"1":1,"2":1,"3":3,"4":1,"5":1},"f":{"0":1},"b":{},"_coverageSchema":"1a1c01bbd47fc00a2c39e90264f33305004495a9","hash":"4764000c6a5a0f66a21c89228cc5cd15cb08191c"}
}
